2019-01-29 10:35:23.404 +08:00 [Information] On init...
2019-01-29 10:35:23.472 +08:00 [Information] Init components...
2019-01-29 10:35:23.496 +08:00 [Information] Add start urls to scheduler, count 4.
2019-01-29 10:35:23.762 +08:00 [Verbose] Left 4 Success 0 Error 0 Total 4 Dowload 0 Extract 0 Pipeline 0
2019-01-29 10:35:24.921 +08:00 [Information] Crawl http://www.juzimi.com/original/recommend?page=4 success, results 0, effectedRow 0.
2019-01-29 10:35:25.023 +08:00 [Verbose] Left 3 Success 1 Error 0 Total 4 Dowload 628 Extract 154 Pipeline 251
2019-01-29 10:35:25.349 +08:00 [Information] Crawl http://www.juzimi.com/original/recommend?page=3 success, results 0, effectedRow 0.
2019-01-29 10:35:25.451 +08:00 [Verbose] Left 2 Success 2 Error 0 Total 4 Dowload 457 Extract 83 Pipeline 137
2019-01-29 10:35:25.753 +08:00 [Information] Crawl http://www.juzimi.com/original/recommend?page=2 success, results 0, effectedRow 0.
2019-01-29 10:35:25.856 +08:00 [Verbose] Left 1 Success 3 Error 0 Total 4 Dowload 384 Extract 65 Pipeline 101
2019-01-29 10:35:26.123 +08:00 [Information] Crawl http://www.juzimi.com/original/recommend?page=1 success, results 0, effectedRow 0.
2019-01-29 10:35:26.224 +08:00 [Verbose] Left 0 Success 4 Error 0 Total 4 Dowload 345 Extract 52 Pipeline 81
2019-01-29 10:35:42.240 +08:00 [Verbose] Left 0 Success 4 Error 0 Total 4 Dowload 345 Extract 52 Pipeline 81
2019-01-29 10:35:42.246 +08:00 [Information] Consume: 18.8920456 seconds
2019-01-29 14:20:51.920 +08:00 [Information] On init...
2019-01-29 14:20:52.095 +08:00 [Information] Init components...
2019-01-29 14:20:52.115 +08:00 [Information] Add start urls to scheduler, count 4.
2019-01-29 14:20:52.493 +08:00 [Verbose] Left 4 Success 0 Error 0 Total 4 Dowload 0 Extract 0 Pipeline 0
2019-01-29 14:21:25.757 +08:00 [Information] Crawl http://www.juzimi.com/original/recommend?page=4 success, results 0, effectedRow 0.
2019-01-29 14:21:25.858 +08:00 [Verbose] Left 3 Success 1 Error 0 Total 4 Dowload 737 Extract 165 Pipeline 32224
2019-01-29 14:22:46.124 +08:00 [Information] On init...
2019-01-29 14:22:46.188 +08:00 [Information] Init components...
2019-01-29 14:22:46.206 +08:00 [Information] Add start urls to scheduler, count 4.
2019-01-29 14:22:46.414 +08:00 [Verbose] Left 4 Success 0 Error 0 Total 4 Dowload 0 Extract 0 Pipeline 0
2019-01-29 14:25:27.870 +08:00 [Information] On init...
2019-01-29 14:25:27.944 +08:00 [Information] Init components...
2019-01-29 14:25:27.966 +08:00 [Information] Add start urls to scheduler, count 4.
2019-01-29 14:25:28.236 +08:00 [Verbose] Left 4 Success 0 Error 0 Total 4 Dowload 0 Extract 0 Pipeline 0
2019-01-29 14:28:30.861 +08:00 [Information] On init...
2019-01-29 14:28:30.901 +08:00 [Information] Init components...
2019-01-29 14:28:30.911 +08:00 [Information] Add start urls to scheduler, count 4.
2019-01-29 14:28:31.004 +08:00 [Verbose] Left 4 Success 0 Error 0 Total 4 Dowload 0 Extract 0 Pipeline 0
2019-01-29 14:28:37.187 +08:00 [Information] Crawl http://www.juzimi.com/original/recommend?page=4 success, results 0, effectedRow 0.
2019-01-29 14:28:37.289 +08:00 [Verbose] Left 3 Success 1 Error 0 Total 4 Dowload 407 Extract 101 Pipeline 5613
2019-01-29 14:28:42.505 +08:00 [Information] Crawl http://www.juzimi.com/original/recommend?page=3 success, results 0, effectedRow 0.
2019-01-29 14:28:42.608 +08:00 [Verbose] Left 2 Success 2 Error 0 Total 4 Dowload 317 Extract 56 Pipeline 5292
2019-01-29 14:28:47.852 +08:00 [Information] Crawl http://www.juzimi.com/original/recommend?page=2 success, results 0, effectedRow 0.
2019-01-29 14:28:47.953 +08:00 [Verbose] Left 1 Success 3 Error 0 Total 4 Dowload 290 Extract 43 Pipeline 5190
2019-01-29 14:28:53.731 +08:00 [Information] Crawl http://www.juzimi.com/original/recommend?page=1 success, results 0, effectedRow 0.
2019-01-29 14:28:53.833 +08:00 [Verbose] Left 0 Success 4 Error 0 Total 4 Dowload 392 Extract 36 Pipeline 5158
2019-01-29 14:29:10.035 +08:00 [Verbose] Left 0 Success 4 Error 0 Total 4 Dowload 392 Extract 36 Pipeline 5158
2019-01-29 14:29:10.044 +08:00 [Information] Consume: 39.1891133 seconds
2019-01-29 15:07:32.248 +08:00 [Information] On init...
2019-01-29 15:07:32.359 +08:00 [Information] Init components...
2019-01-29 15:07:32.380 +08:00 [Information] Add start urls to scheduler, count 4.
2019-01-29 15:07:32.747 +08:00 [Verbose] Left 4 Success 0 Error 0 Total 4 Dowload 0 Extract 0 Pipeline 0
2019-01-29 15:10:54.830 +08:00 [Information] On init...
2019-01-29 15:10:54.892 +08:00 [Information] Init components...
2019-01-29 15:10:54.909 +08:00 [Information] Add start urls to scheduler, count 4.
2019-01-29 15:10:55.149 +08:00 [Verbose] Left 4 Success 0 Error 0 Total 4 Dowload 0 Extract 0 Pipeline 0
2019-01-29 15:11:30.379 +08:00 [Information] On init...
2019-01-29 15:11:30.438 +08:00 [Information] Init components...
2019-01-29 15:11:30.456 +08:00 [Information] Add start urls to scheduler, count 4.
2019-01-29 15:11:30.673 +08:00 [Verbose] Left 4 Success 0 Error 0 Total 4 Dowload 0 Extract 0 Pipeline 0
2019-01-29 15:11:54.497 +08:00 [Information] On init...
2019-01-29 15:11:54.563 +08:00 [Information] Init components...
2019-01-29 15:11:54.579 +08:00 [Information] Add start urls to scheduler, count 4.
2019-01-29 15:11:54.784 +08:00 [Verbose] Left 4 Success 0 Error 0 Total 4 Dowload 0 Extract 0 Pipeline 0
2019-01-29 15:12:31.594 +08:00 [Information] On init...
2019-01-29 15:12:31.657 +08:00 [Information] Init components...
2019-01-29 15:12:31.673 +08:00 [Information] Add start urls to scheduler, count 4.
2019-01-29 15:12:31.883 +08:00 [Verbose] Left 4 Success 0 Error 0 Total 4 Dowload 0 Extract 0 Pipeline 0
2019-01-29 15:12:46.650 +08:00 [Information] On init...
2019-01-29 15:12:46.714 +08:00 [Information] Init components...
2019-01-29 15:12:46.741 +08:00 [Information] Add start urls to scheduler, count 4.
2019-01-29 15:12:46.943 +08:00 [Verbose] Left 4 Success 0 Error 0 Total 4 Dowload 0 Extract 0 Pipeline 0
2019-01-29 15:15:03.992 +08:00 [Information] On init...
2019-01-29 15:15:04.045 +08:00 [Information] Init components...
2019-01-29 15:15:04.064 +08:00 [Information] Add start urls to scheduler, count 4.
2019-01-29 15:15:04.287 +08:00 [Verbose] Left 4 Success 0 Error 0 Total 4 Dowload 0 Extract 0 Pipeline 0
2019-01-29 15:17:07.923 +08:00 [Information] On init...
2019-01-29 15:17:07.979 +08:00 [Information] Init components...
2019-01-29 15:17:07.996 +08:00 [Information] Add start urls to scheduler, count 4.
2019-01-29 15:17:08.201 +08:00 [Verbose] Left 4 Success 0 Error 0 Total 4 Dowload 0 Extract 0 Pipeline 0
2019-01-29 15:20:24.282 +08:00 [Information] On init...
2019-01-29 15:20:24.337 +08:00 [Information] Init components...
2019-01-29 15:20:24.352 +08:00 [Information] Add start urls to scheduler, count 4.
2019-01-29 15:20:24.564 +08:00 [Verbose] Left 4 Success 0 Error 0 Total 4 Dowload 0 Extract 0 Pipeline 0
2019-01-29 15:22:16.533 +08:00 [Information] On init...
2019-01-29 15:22:16.599 +08:00 [Information] Init components...
2019-01-29 15:22:16.617 +08:00 [Information] Add start urls to scheduler, count 4.
2019-01-29 15:22:16.838 +08:00 [Verbose] Left 4 Success 0 Error 0 Total 4 Dowload 0 Extract 0 Pipeline 0
