2019-03-01 22:30:51.443 +08:00 [Information] On init...
2019-03-01 22:30:51.669 +08:00 [Information] Init components...
2019-03-01 22:30:51.897 +08:00 [Information] Add start urls to scheduler, count 15.
2019-03-01 22:30:52.325 +08:00 [Verbose] Left 15 Success 0 Error 0 Total 15 Dowload 0 Extract 0 Pipeline 0
2019-03-01 22:30:56.531 +08:00 [Information] Crawl https://sjz.newhouse.fang.com/house/s/b915/ success, results 0, effectedRow 0.
2019-03-01 22:31:16.872 +08:00 [Information] On init...
2019-03-01 22:31:16.995 +08:00 [Information] Init components...
2019-03-01 22:31:17.044 +08:00 [Information] Add start urls to scheduler, count 15.
2019-03-01 22:31:17.328 +08:00 [Verbose] Left 15 Success 0 Error 0 Total 15 Dowload 0 Extract 0 Pipeline 0
2019-03-01 22:34:13.831 +08:00 [Information] On init...
2019-03-01 22:34:13.921 +08:00 [Information] Init components...
2019-03-01 22:34:13.955 +08:00 [Information] Add start urls to scheduler, count 15.
2019-03-01 22:34:14.243 +08:00 [Verbose] Left 15 Success 0 Error 0 Total 15 Dowload 0 Extract 0 Pipeline 0
2019-03-01 22:37:27.976 +08:00 [Information] On init...
2019-03-01 22:37:28.055 +08:00 [Information] Init components...
2019-03-01 22:37:28.082 +08:00 [Information] Add start urls to scheduler, count 15.
2019-03-01 22:37:28.397 +08:00 [Verbose] Left 15 Success 0 Error 0 Total 15 Dowload 0 Extract 0 Pipeline 0
2019-03-01 22:37:57.417 +08:00 [Information] On init...
2019-03-01 22:37:57.578 +08:00 [Information] Init components...
2019-03-01 22:37:57.616 +08:00 [Information] Add start urls to scheduler, count 15.
2019-03-01 22:37:58.043 +08:00 [Verbose] Left 15 Success 0 Error 0 Total 15 Dowload 0 Extract 0 Pipeline 0
2019-03-01 22:42:08.440 +08:00 [Information] On init...
2019-03-01 22:42:08.577 +08:00 [Information] Init components...
2019-03-01 22:42:08.608 +08:00 [Information] Add start urls to scheduler, count 14.
2019-03-01 22:42:08.962 +08:00 [Verbose] Left 14 Success 0 Error 0 Total 14 Dowload 0 Extract 0 Pipeline 0
2019-03-01 22:44:10.280 +08:00 [Information] On init...
2019-03-01 22:44:10.337 +08:00 [Information] Init components...
2019-03-01 22:44:10.352 +08:00 [Information] Add start urls to scheduler, count 15.
2019-03-01 22:44:10.485 +08:00 [Verbose] Left 15 Success 0 Error 0 Total 15 Dowload 0 Extract 0 Pipeline 0
2019-03-01 22:44:12.316 +08:00 [Information] Crawl https://sjz.newhouse.fang.com/house/s/b915/ success, results 0, effectedRow 0.
2019-03-01 22:44:13.110 +08:00 [Warning] Retry request: https://sjz.newhouse.fang.com/house/s/b914/ because processor exception: System.Exception: Your input html stream is null!
   at Common.Format.RemoveHtml.RemoveHTMLTags(String htmlStream) in E:\GitHub\HubertBiyo\Hubert.Crawler\src\Hubert.Crawler\DotNetSpider\DotNetSpider.Housing\Common\Format\RemoveHtml.cs:line 25
   at DotNetSpider.Housing.NewHouse.Fang.sjzHousingPageProcessor.Handle(Page page) in E:\GitHub\HubertBiyo\Hubert.Crawler\src\Hubert.Crawler\DotNetSpider\DotNetSpider.Housing\NewHouse.Fang\sjzHousingPageProcessor.cs:line 28
   at DotnetSpider.Core.Processor.BasePageProcessor.Process(Page page)
   at DotnetSpider.Core.Spider.HandleRequest(Stopwatch stopwatch, Request request, IDownloader downloader).
2019-03-01 22:44:13.880 +08:00 [Warning] Retry request: https://sjz.newhouse.fang.com/house/s/b914/ because processor exception: System.Exception: Your input html stream is null!
   at Common.Format.RemoveHtml.RemoveHTMLTags(String htmlStream) in E:\GitHub\HubertBiyo\Hubert.Crawler\src\Hubert.Crawler\DotNetSpider\DotNetSpider.Housing\Common\Format\RemoveHtml.cs:line 25
   at DotNetSpider.Housing.NewHouse.Fang.sjzHousingPageProcessor.Handle(Page page) in E:\GitHub\HubertBiyo\Hubert.Crawler\src\Hubert.Crawler\DotNetSpider\DotNetSpider.Housing\NewHouse.Fang\sjzHousingPageProcessor.cs:line 28
   at DotnetSpider.Core.Processor.BasePageProcessor.Process(Page page)
   at DotnetSpider.Core.Spider.HandleRequest(Stopwatch stopwatch, Request request, IDownloader downloader).
2019-03-01 22:44:14.648 +08:00 [Warning] Retry request: https://sjz.newhouse.fang.com/house/s/b914/ because processor exception: System.Exception: Your input html stream is null!
   at Common.Format.RemoveHtml.RemoveHTMLTags(String htmlStream) in E:\GitHub\HubertBiyo\Hubert.Crawler\src\Hubert.Crawler\DotNetSpider\DotNetSpider.Housing\Common\Format\RemoveHtml.cs:line 25
   at DotNetSpider.Housing.NewHouse.Fang.sjzHousingPageProcessor.Handle(Page page) in E:\GitHub\HubertBiyo\Hubert.Crawler\src\Hubert.Crawler\DotNetSpider\DotNetSpider.Housing\NewHouse.Fang\sjzHousingPageProcessor.cs:line 28
   at DotnetSpider.Core.Processor.BasePageProcessor.Process(Page page)
   at DotnetSpider.Core.Spider.HandleRequest(Stopwatch stopwatch, Request request, IDownloader downloader).
2019-03-01 22:44:15.486 +08:00 [Warning] Retry request: https://sjz.newhouse.fang.com/house/s/b914/ because processor exception: System.Exception: Your input html stream is null!
   at Common.Format.RemoveHtml.RemoveHTMLTags(String htmlStream) in E:\GitHub\HubertBiyo\Hubert.Crawler\src\Hubert.Crawler\DotNetSpider\DotNetSpider.Housing\Common\Format\RemoveHtml.cs:line 25
   at DotNetSpider.Housing.NewHouse.Fang.sjzHousingPageProcessor.Handle(Page page) in E:\GitHub\HubertBiyo\Hubert.Crawler\src\Hubert.Crawler\DotNetSpider\DotNetSpider.Housing\NewHouse.Fang\sjzHousingPageProcessor.cs:line 28
   at DotnetSpider.Core.Processor.BasePageProcessor.Process(Page page)
   at DotnetSpider.Core.Spider.HandleRequest(Stopwatch stopwatch, Request request, IDownloader downloader).
2019-03-01 22:44:16.261 +08:00 [Warning] Retry request: https://sjz.newhouse.fang.com/house/s/b914/ because processor exception: System.Exception: Your input html stream is null!
   at Common.Format.RemoveHtml.RemoveHTMLTags(String htmlStream) in E:\GitHub\HubertBiyo\Hubert.Crawler\src\Hubert.Crawler\DotNetSpider\DotNetSpider.Housing\Common\Format\RemoveHtml.cs:line 25
   at DotNetSpider.Housing.NewHouse.Fang.sjzHousingPageProcessor.Handle(Page page) in E:\GitHub\HubertBiyo\Hubert.Crawler\src\Hubert.Crawler\DotNetSpider\DotNetSpider.Housing\NewHouse.Fang\sjzHousingPageProcessor.cs:line 28
   at DotnetSpider.Core.Processor.BasePageProcessor.Process(Page page)
   at DotnetSpider.Core.Spider.HandleRequest(Stopwatch stopwatch, Request request, IDownloader downloader).
2019-03-01 22:44:18.440 +08:00 [Information] Crawl https://sjz.newhouse.fang.com/house/s/b913/ success, results 0, effectedRow 0.
2019-03-01 22:44:19.335 +08:00 [Warning] Retry request: https://sjz.newhouse.fang.com/house/s/b912/ because processor exception: System.Exception: Your input html stream is null!
   at Common.Format.RemoveHtml.RemoveHTMLTags(String htmlStream) in E:\GitHub\HubertBiyo\Hubert.Crawler\src\Hubert.Crawler\DotNetSpider\DotNetSpider.Housing\Common\Format\RemoveHtml.cs:line 25
   at DotNetSpider.Housing.NewHouse.Fang.sjzHousingPageProcessor.Handle(Page page) in E:\GitHub\HubertBiyo\Hubert.Crawler\src\Hubert.Crawler\DotNetSpider\DotNetSpider.Housing\NewHouse.Fang\sjzHousingPageProcessor.cs:line 28
   at DotnetSpider.Core.Processor.BasePageProcessor.Process(Page page)
   at DotnetSpider.Core.Spider.HandleRequest(Stopwatch stopwatch, Request request, IDownloader downloader).
2019-03-01 22:44:19.919 +08:00 [Warning] Retry request: https://sjz.newhouse.fang.com/house/s/b912/ because processor exception: System.Exception: Your input html stream is null!
   at Common.Format.RemoveHtml.RemoveHTMLTags(String htmlStream) in E:\GitHub\HubertBiyo\Hubert.Crawler\src\Hubert.Crawler\DotNetSpider\DotNetSpider.Housing\Common\Format\RemoveHtml.cs:line 25
   at DotNetSpider.Housing.NewHouse.Fang.sjzHousingPageProcessor.Handle(Page page) in E:\GitHub\HubertBiyo\Hubert.Crawler\src\Hubert.Crawler\DotNetSpider\DotNetSpider.Housing\NewHouse.Fang\sjzHousingPageProcessor.cs:line 28
   at DotnetSpider.Core.Processor.BasePageProcessor.Process(Page page)
   at DotnetSpider.Core.Spider.HandleRequest(Stopwatch stopwatch, Request request, IDownloader downloader).
2019-03-01 22:44:20.020 +08:00 [Verbose] Left 12 Success 2 Error 8 Total 22 Dowload 533 Extract 534 Pipeline 142
2019-03-01 22:44:20.510 +08:00 [Warning] Retry request: https://sjz.newhouse.fang.com/house/s/b912/ because processor exception: System.Exception: Your input html stream is null!
   at Common.Format.RemoveHtml.RemoveHTMLTags(String htmlStream) in E:\GitHub\HubertBiyo\Hubert.Crawler\src\Hubert.Crawler\DotNetSpider\DotNetSpider.Housing\Common\Format\RemoveHtml.cs:line 25
   at DotNetSpider.Housing.NewHouse.Fang.sjzHousingPageProcessor.Handle(Page page) in E:\GitHub\HubertBiyo\Hubert.Crawler\src\Hubert.Crawler\DotNetSpider\DotNetSpider.Housing\NewHouse.Fang\sjzHousingPageProcessor.cs:line 28
   at DotnetSpider.Core.Processor.BasePageProcessor.Process(Page page)
   at DotnetSpider.Core.Spider.HandleRequest(Stopwatch stopwatch, Request request, IDownloader downloader).
2019-03-01 22:44:21.046 +08:00 [Warning] Retry request: https://sjz.newhouse.fang.com/house/s/b912/ because processor exception: System.Exception: Your input html stream is null!
   at Common.Format.RemoveHtml.RemoveHTMLTags(String htmlStream) in E:\GitHub\HubertBiyo\Hubert.Crawler\src\Hubert.Crawler\DotNetSpider\DotNetSpider.Housing\Common\Format\RemoveHtml.cs:line 25
   at DotNetSpider.Housing.NewHouse.Fang.sjzHousingPageProcessor.Handle(Page page) in E:\GitHub\HubertBiyo\Hubert.Crawler\src\Hubert.Crawler\DotNetSpider\DotNetSpider.Housing\NewHouse.Fang\sjzHousingPageProcessor.cs:line 28
   at DotnetSpider.Core.Processor.BasePageProcessor.Process(Page page)
   at DotnetSpider.Core.Spider.HandleRequest(Stopwatch stopwatch, Request request, IDownloader downloader).
2019-03-01 22:44:21.657 +08:00 [Warning] Retry request: https://sjz.newhouse.fang.com/house/s/b912/ because processor exception: System.Exception: Your input html stream is null!
   at Common.Format.RemoveHtml.RemoveHTMLTags(String htmlStream) in E:\GitHub\HubertBiyo\Hubert.Crawler\src\Hubert.Crawler\DotNetSpider\DotNetSpider.Housing\Common\Format\RemoveHtml.cs:line 25
   at DotNetSpider.Housing.NewHouse.Fang.sjzHousingPageProcessor.Handle(Page page) in E:\GitHub\HubertBiyo\Hubert.Crawler\src\Hubert.Crawler\DotNetSpider\DotNetSpider.Housing\NewHouse.Fang\sjzHousingPageProcessor.cs:line 28
   at DotnetSpider.Core.Processor.BasePageProcessor.Process(Page page)
   at DotnetSpider.Core.Spider.HandleRequest(Stopwatch stopwatch, Request request, IDownloader downloader).
2019-03-01 22:44:23.313 +08:00 [Information] Crawl https://sjz.newhouse.fang.com/house/s/b911/ success, results 0, effectedRow 0.
2019-03-01 22:44:24.345 +08:00 [Warning] Retry request: https://sjz.newhouse.fang.com/house/s/b910/ because processor exception: System.Exception: Your input html stream is null!
   at Common.Format.RemoveHtml.RemoveHTMLTags(String htmlStream) in E:\GitHub\HubertBiyo\Hubert.Crawler\src\Hubert.Crawler\DotNetSpider\DotNetSpider.Housing\Common\Format\RemoveHtml.cs:line 25
   at DotNetSpider.Housing.NewHouse.Fang.sjzHousingPageProcessor.Handle(Page page) in E:\GitHub\HubertBiyo\Hubert.Crawler\src\Hubert.Crawler\DotNetSpider\DotNetSpider.Housing\NewHouse.Fang\sjzHousingPageProcessor.cs:line 28
   at DotnetSpider.Core.Processor.BasePageProcessor.Process(Page page)
   at DotnetSpider.Core.Spider.HandleRequest(Stopwatch stopwatch, Request request, IDownloader downloader).
2019-03-01 22:44:24.971 +08:00 [Warning] Retry request: https://sjz.newhouse.fang.com/house/s/b910/ because processor exception: System.Exception: Your input html stream is null!
   at Common.Format.RemoveHtml.RemoveHTMLTags(String htmlStream) in E:\GitHub\HubertBiyo\Hubert.Crawler\src\Hubert.Crawler\DotNetSpider\DotNetSpider.Housing\Common\Format\RemoveHtml.cs:line 25
   at DotNetSpider.Housing.NewHouse.Fang.sjzHousingPageProcessor.Handle(Page page) in E:\GitHub\HubertBiyo\Hubert.Crawler\src\Hubert.Crawler\DotNetSpider\DotNetSpider.Housing\NewHouse.Fang\sjzHousingPageProcessor.cs:line 28
   at DotnetSpider.Core.Processor.BasePageProcessor.Process(Page page)
   at DotnetSpider.Core.Spider.HandleRequest(Stopwatch stopwatch, Request request, IDownloader downloader).
2019-03-01 22:44:25.481 +08:00 [Warning] Retry request: https://sjz.newhouse.fang.com/house/s/b910/ because processor exception: System.Exception: Your input html stream is null!
   at Common.Format.RemoveHtml.RemoveHTMLTags(String htmlStream) in E:\GitHub\HubertBiyo\Hubert.Crawler\src\Hubert.Crawler\DotNetSpider\DotNetSpider.Housing\Common\Format\RemoveHtml.cs:line 25
   at DotNetSpider.Housing.NewHouse.Fang.sjzHousingPageProcessor.Handle(Page page) in E:\GitHub\HubertBiyo\Hubert.Crawler\src\Hubert.Crawler\DotNetSpider\DotNetSpider.Housing\NewHouse.Fang\sjzHousingPageProcessor.cs:line 28
   at DotnetSpider.Core.Processor.BasePageProcessor.Process(Page page)
   at DotnetSpider.Core.Spider.HandleRequest(Stopwatch stopwatch, Request request, IDownloader downloader).
2019-03-01 22:44:26.065 +08:00 [Warning] Retry request: https://sjz.newhouse.fang.com/house/s/b910/ because processor exception: System.Exception: Your input html stream is null!
   at Common.Format.RemoveHtml.RemoveHTMLTags(String htmlStream) in E:\GitHub\HubertBiyo\Hubert.Crawler\src\Hubert.Crawler\DotNetSpider\DotNetSpider.Housing\Common\Format\RemoveHtml.cs:line 25
   at DotNetSpider.Housing.NewHouse.Fang.sjzHousingPageProcessor.Handle(Page page) in E:\GitHub\HubertBiyo\Hubert.Crawler\src\Hubert.Crawler\DotNetSpider\DotNetSpider.Housing\NewHouse.Fang\sjzHousingPageProcessor.cs:line 28
   at DotnetSpider.Core.Processor.BasePageProcessor.Process(Page page)
   at DotnetSpider.Core.Spider.HandleRequest(Stopwatch stopwatch, Request request, IDownloader downloader).
2019-03-01 22:44:27.233 +08:00 [Warning] Retry request: https://sjz.newhouse.fang.com/house/s/b910/ because processor exception: System.Exception: Your input html stream is null!
   at Common.Format.RemoveHtml.RemoveHTMLTags(String htmlStream) in E:\GitHub\HubertBiyo\Hubert.Crawler\src\Hubert.Crawler\DotNetSpider\DotNetSpider.Housing\Common\Format\RemoveHtml.cs:line 25
   at DotNetSpider.Housing.NewHouse.Fang.sjzHousingPageProcessor.Handle(Page page) in E:\GitHub\HubertBiyo\Hubert.Crawler\src\Hubert.Crawler\DotNetSpider\DotNetSpider.Housing\NewHouse.Fang\sjzHousingPageProcessor.cs:line 28
   at DotnetSpider.Core.Processor.BasePageProcessor.Process(Page page)
   at DotnetSpider.Core.Spider.HandleRequest(Stopwatch stopwatch, Request request, IDownloader downloader).
2019-03-01 22:44:28.889 +08:00 [Verbose] Left 10 Success 3 Error 17 Total 30 Dowload 495 Extract 423 Pipeline 139
2019-03-01 22:44:30.174 +08:00 [Warning] Retry request: https://sjz.newhouse.fang.com/house/s/b99/ because processor exception: System.Exception: Your input html stream is null!
   at Common.Format.RemoveHtml.RemoveHTMLTags(String htmlStream) in E:\GitHub\HubertBiyo\Hubert.Crawler\src\Hubert.Crawler\DotNetSpider\DotNetSpider.Housing\Common\Format\RemoveHtml.cs:line 25
   at DotNetSpider.Housing.NewHouse.Fang.sjzHousingPageProcessor.Handle(Page page) in E:\GitHub\HubertBiyo\Hubert.Crawler\src\Hubert.Crawler\DotNetSpider\DotNetSpider.Housing\NewHouse.Fang\sjzHousingPageProcessor.cs:line 28
   at DotnetSpider.Core.Processor.BasePageProcessor.Process(Page page)
   at DotnetSpider.Core.Spider.HandleRequest(Stopwatch stopwatch, Request request, IDownloader downloader).
2019-03-01 22:44:30.735 +08:00 [Warning] Retry request: https://sjz.newhouse.fang.com/house/s/b99/ because processor exception: System.Exception: Your input html stream is null!
   at Common.Format.RemoveHtml.RemoveHTMLTags(String htmlStream) in E:\GitHub\HubertBiyo\Hubert.Crawler\src\Hubert.Crawler\DotNetSpider\DotNetSpider.Housing\Common\Format\RemoveHtml.cs:line 25
   at DotNetSpider.Housing.NewHouse.Fang.sjzHousingPageProcessor.Handle(Page page) in E:\GitHub\HubertBiyo\Hubert.Crawler\src\Hubert.Crawler\DotNetSpider\DotNetSpider.Housing\NewHouse.Fang\sjzHousingPageProcessor.cs:line 28
   at DotnetSpider.Core.Processor.BasePageProcessor.Process(Page page)
   at DotnetSpider.Core.Spider.HandleRequest(Stopwatch stopwatch, Request request, IDownloader downloader).
2019-03-01 22:44:31.403 +08:00 [Warning] Retry request: https://sjz.newhouse.fang.com/house/s/b99/ because processor exception: System.Exception: Your input html stream is null!
   at Common.Format.RemoveHtml.RemoveHTMLTags(String htmlStream) in E:\GitHub\HubertBiyo\Hubert.Crawler\src\Hubert.Crawler\DotNetSpider\DotNetSpider.Housing\Common\Format\RemoveHtml.cs:line 25
   at DotNetSpider.Housing.NewHouse.Fang.sjzHousingPageProcessor.Handle(Page page) in E:\GitHub\HubertBiyo\Hubert.Crawler\src\Hubert.Crawler\DotNetSpider\DotNetSpider.Housing\NewHouse.Fang\sjzHousingPageProcessor.cs:line 28
   at DotnetSpider.Core.Processor.BasePageProcessor.Process(Page page)
   at DotnetSpider.Core.Spider.HandleRequest(Stopwatch stopwatch, Request request, IDownloader downloader).
2019-03-01 22:44:31.942 +08:00 [Warning] Retry request: https://sjz.newhouse.fang.com/house/s/b99/ because processor exception: System.Exception: Your input html stream is null!
   at Common.Format.RemoveHtml.RemoveHTMLTags(String htmlStream) in E:\GitHub\HubertBiyo\Hubert.Crawler\src\Hubert.Crawler\DotNetSpider\DotNetSpider.Housing\Common\Format\RemoveHtml.cs:line 25
   at DotNetSpider.Housing.NewHouse.Fang.sjzHousingPageProcessor.Handle(Page page) in E:\GitHub\HubertBiyo\Hubert.Crawler\src\Hubert.Crawler\DotNetSpider\DotNetSpider.Housing\NewHouse.Fang\sjzHousingPageProcessor.cs:line 28
   at DotnetSpider.Core.Processor.BasePageProcessor.Process(Page page)
   at DotnetSpider.Core.Spider.HandleRequest(Stopwatch stopwatch, Request request, IDownloader downloader).
2019-03-01 22:44:32.500 +08:00 [Warning] Retry request: https://sjz.newhouse.fang.com/house/s/b99/ because processor exception: System.Exception: Your input html stream is null!
   at Common.Format.RemoveHtml.RemoveHTMLTags(String htmlStream) in E:\GitHub\HubertBiyo\Hubert.Crawler\src\Hubert.Crawler\DotNetSpider\DotNetSpider.Housing\Common\Format\RemoveHtml.cs:line 25
   at DotNetSpider.Housing.NewHouse.Fang.sjzHousingPageProcessor.Handle(Page page) in E:\GitHub\HubertBiyo\Hubert.Crawler\src\Hubert.Crawler\DotNetSpider\DotNetSpider.Housing\NewHouse.Fang\sjzHousingPageProcessor.cs:line 28
   at DotnetSpider.Core.Processor.BasePageProcessor.Process(Page page)
   at DotnetSpider.Core.Spider.HandleRequest(Stopwatch stopwatch, Request request, IDownloader downloader).
2019-03-01 22:44:34.512 +08:00 [Information] Crawl https://sjz.newhouse.fang.com/house/s/b98/ success, results 0, effectedRow 0.
2019-03-01 22:44:35.479 +08:00 [Information] Crawl https://sjz.newhouse.fang.com/house/s/b97/ success, results 0, effectedRow 0.
2019-03-01 22:44:36.589 +08:00 [Information] Crawl https://sjz.newhouse.fang.com/house/s/b96/ success, results 0, effectedRow 0.
2019-03-01 22:44:36.691 +08:00 [Verbose] Left 5 Success 6 Error 24 Total 35 Dowload 479 Extract 329 Pipeline 133
2019-03-01 22:44:37.575 +08:00 [Information] Crawl https://sjz.newhouse.fang.com/house/s/b95/ success, results 0, effectedRow 0.
2019-03-01 22:44:38.819 +08:00 [Information] Crawl https://sjz.newhouse.fang.com/house/s/b94/ success, results 0, effectedRow 0.
2019-03-01 22:44:40.003 +08:00 [Information] Crawl https://sjz.newhouse.fang.com/house/s/b93/ success, results 0, effectedRow 0.
2019-03-01 22:44:41.383 +08:00 [Information] Crawl https://sjz.newhouse.fang.com/house/s/b92/ success, results 0, effectedRow 0.
2019-03-01 22:44:42.374 +08:00 [Warning] Retry request: https://sjz.newhouse.fang.com/house/s/b91/ because processor exception: System.Exception: Your input html stream is null!
   at Common.Format.RemoveHtml.RemoveHTMLTags(String htmlStream) in E:\GitHub\HubertBiyo\Hubert.Crawler\src\Hubert.Crawler\DotNetSpider\DotNetSpider.Housing\Common\Format\RemoveHtml.cs:line 25
   at DotNetSpider.Housing.NewHouse.Fang.sjzHousingPageProcessor.Handle(Page page) in E:\GitHub\HubertBiyo\Hubert.Crawler\src\Hubert.Crawler\DotNetSpider\DotNetSpider.Housing\NewHouse.Fang\sjzHousingPageProcessor.cs:line 28
   at DotnetSpider.Core.Processor.BasePageProcessor.Process(Page page)
   at DotnetSpider.Core.Spider.HandleRequest(Stopwatch stopwatch, Request request, IDownloader downloader).
2019-03-01 22:44:42.858 +08:00 [Warning] Retry request: https://sjz.newhouse.fang.com/house/s/b91/ because processor exception: System.Exception: Your input html stream is null!
   at Common.Format.RemoveHtml.RemoveHTMLTags(String htmlStream) in E:\GitHub\HubertBiyo\Hubert.Crawler\src\Hubert.Crawler\DotNetSpider\DotNetSpider.Housing\Common\Format\RemoveHtml.cs:line 25
   at DotNetSpider.Housing.NewHouse.Fang.sjzHousingPageProcessor.Handle(Page page) in E:\GitHub\HubertBiyo\Hubert.Crawler\src\Hubert.Crawler\DotNetSpider\DotNetSpider.Housing\NewHouse.Fang\sjzHousingPageProcessor.cs:line 28
   at DotnetSpider.Core.Processor.BasePageProcessor.Process(Page page)
   at DotnetSpider.Core.Spider.HandleRequest(Stopwatch stopwatch, Request request, IDownloader downloader).
2019-03-01 22:44:43.363 +08:00 [Warning] Retry request: https://sjz.newhouse.fang.com/house/s/b91/ because processor exception: System.Exception: Your input html stream is null!
   at Common.Format.RemoveHtml.RemoveHTMLTags(String htmlStream) in E:\GitHub\HubertBiyo\Hubert.Crawler\src\Hubert.Crawler\DotNetSpider\DotNetSpider.Housing\Common\Format\RemoveHtml.cs:line 25
   at DotNetSpider.Housing.NewHouse.Fang.sjzHousingPageProcessor.Handle(Page page) in E:\GitHub\HubertBiyo\Hubert.Crawler\src\Hubert.Crawler\DotNetSpider\DotNetSpider.Housing\NewHouse.Fang\sjzHousingPageProcessor.cs:line 28
   at DotnetSpider.Core.Processor.BasePageProcessor.Process(Page page)
   at DotnetSpider.Core.Spider.HandleRequest(Stopwatch stopwatch, Request request, IDownloader downloader).
2019-03-01 22:44:43.861 +08:00 [Warning] Retry request: https://sjz.newhouse.fang.com/house/s/b91/ because processor exception: System.Exception: Your input html stream is null!
   at Common.Format.RemoveHtml.RemoveHTMLTags(String htmlStream) in E:\GitHub\HubertBiyo\Hubert.Crawler\src\Hubert.Crawler\DotNetSpider\DotNetSpider.Housing\Common\Format\RemoveHtml.cs:line 25
   at DotNetSpider.Housing.NewHouse.Fang.sjzHousingPageProcessor.Handle(Page page) in E:\GitHub\HubertBiyo\Hubert.Crawler\src\Hubert.Crawler\DotNetSpider\DotNetSpider.Housing\NewHouse.Fang\sjzHousingPageProcessor.cs:line 28
   at DotnetSpider.Core.Processor.BasePageProcessor.Process(Page page)
   at DotnetSpider.Core.Spider.HandleRequest(Stopwatch stopwatch, Request request, IDownloader downloader).
2019-03-01 22:44:44.366 +08:00 [Warning] Retry request: https://sjz.newhouse.fang.com/house/s/b91/ because processor exception: System.Exception: Your input html stream is null!
   at Common.Format.RemoveHtml.RemoveHTMLTags(String htmlStream) in E:\GitHub\HubertBiyo\Hubert.Crawler\src\Hubert.Crawler\DotNetSpider\DotNetSpider.Housing\Common\Format\RemoveHtml.cs:line 25
   at DotNetSpider.Housing.NewHouse.Fang.sjzHousingPageProcessor.Handle(Page page) in E:\GitHub\HubertBiyo\Hubert.Crawler\src\Hubert.Crawler\DotNetSpider\DotNetSpider.Housing\NewHouse.Fang\sjzHousingPageProcessor.cs:line 28
   at DotnetSpider.Core.Processor.BasePageProcessor.Process(Page page)
   at DotnetSpider.Core.Spider.HandleRequest(Stopwatch stopwatch, Request request, IDownloader downloader).
2019-03-01 22:44:45.069 +08:00 [Verbose] Left 0 Success 10 Error 30 Total 40 Dowload 490 Extract 278 Pipeline 126
2019-03-01 22:45:00.583 +08:00 [Verbose] Left 0 Success 10 Error 30 Total 40 Dowload 490 Extract 278 Pipeline 126
2019-03-01 22:45:00.596 +08:00 [Information] Consume: 50.3222242 seconds
2019-03-01 22:54:17.596 +08:00 [Information] On init...
2019-03-01 22:54:17.652 +08:00 [Information] Init components...
2019-03-01 22:54:17.668 +08:00 [Information] Add start urls to scheduler, count 15.
2019-03-01 22:54:17.803 +08:00 [Verbose] Left 15 Success 0 Error 0 Total 15 Dowload 0 Extract 0 Pipeline 0
2019-03-01 22:54:21.380 +08:00 [Information] Crawl https://sjz.newhouse.fang.com/house/s/b915/ success, results 0, effectedRow 0.
2019-03-01 22:54:34.032 +08:00 [Warning] Retry request: https://sjz.newhouse.fang.com/house/s/b914/ because processor exception: System.Exception: Your input html stream is null!
   at Common.Format.RemoveHtml.RemoveHTMLTags(String htmlStream) in E:\GitHub\HubertBiyo\Hubert.Crawler\src\Hubert.Crawler\DotNetSpider\DotNetSpider.Housing\Common\Format\RemoveHtml.cs:line 25
   at DotNetSpider.Housing.NewHouse.Fang.sjzHousingPageProcessor.Handle(Page page) in E:\GitHub\HubertBiyo\Hubert.Crawler\src\Hubert.Crawler\DotNetSpider\DotNetSpider.Housing\NewHouse.Fang\sjzHousingPageProcessor.cs:line 28
   at DotnetSpider.Core.Processor.BasePageProcessor.Process(Page page)
   at DotnetSpider.Core.Spider.HandleRequest(Stopwatch stopwatch, Request request, IDownloader downloader).
2019-03-01 22:54:45.823 +08:00 [Warning] Retry request: https://sjz.newhouse.fang.com/house/s/b914/ because processor exception: System.Exception: Your input html stream is null!
   at Common.Format.RemoveHtml.RemoveHTMLTags(String htmlStream) in E:\GitHub\HubertBiyo\Hubert.Crawler\src\Hubert.Crawler\DotNetSpider\DotNetSpider.Housing\Common\Format\RemoveHtml.cs:line 25
   at DotNetSpider.Housing.NewHouse.Fang.sjzHousingPageProcessor.Handle(Page page) in E:\GitHub\HubertBiyo\Hubert.Crawler\src\Hubert.Crawler\DotNetSpider\DotNetSpider.Housing\NewHouse.Fang\sjzHousingPageProcessor.cs:line 28
   at DotnetSpider.Core.Processor.BasePageProcessor.Process(Page page)
   at DotnetSpider.Core.Spider.HandleRequest(Stopwatch stopwatch, Request request, IDownloader downloader).
2019-03-01 22:54:57.419 +08:00 [Warning] Retry request: https://sjz.newhouse.fang.com/house/s/b914/ because processor exception: System.Exception: Your input html stream is null!
   at Common.Format.RemoveHtml.RemoveHTMLTags(String htmlStream) in E:\GitHub\HubertBiyo\Hubert.Crawler\src\Hubert.Crawler\DotNetSpider\DotNetSpider.Housing\Common\Format\RemoveHtml.cs:line 25
   at DotNetSpider.Housing.NewHouse.Fang.sjzHousingPageProcessor.Handle(Page page) in E:\GitHub\HubertBiyo\Hubert.Crawler\src\Hubert.Crawler\DotNetSpider\DotNetSpider.Housing\NewHouse.Fang\sjzHousingPageProcessor.cs:line 28
   at DotnetSpider.Core.Processor.BasePageProcessor.Process(Page page)
   at DotnetSpider.Core.Spider.HandleRequest(Stopwatch stopwatch, Request request, IDownloader downloader).
2019-03-01 22:55:10.776 +08:00 [Warning] Retry request: https://sjz.newhouse.fang.com/house/s/b914/ because processor exception: System.Exception: Your input html stream is null!
   at Common.Format.RemoveHtml.RemoveHTMLTags(String htmlStream) in E:\GitHub\HubertBiyo\Hubert.Crawler\src\Hubert.Crawler\DotNetSpider\DotNetSpider.Housing\Common\Format\RemoveHtml.cs:line 25
   at DotNetSpider.Housing.NewHouse.Fang.sjzHousingPageProcessor.Handle(Page page) in E:\GitHub\HubertBiyo\Hubert.Crawler\src\Hubert.Crawler\DotNetSpider\DotNetSpider.Housing\NewHouse.Fang\sjzHousingPageProcessor.cs:line 28
   at DotnetSpider.Core.Processor.BasePageProcessor.Process(Page page)
   at DotnetSpider.Core.Spider.HandleRequest(Stopwatch stopwatch, Request request, IDownloader downloader).
2019-03-01 22:55:24.087 +08:00 [Warning] Retry request: https://sjz.newhouse.fang.com/house/s/b914/ because processor exception: System.Exception: Your input html stream is null!
   at Common.Format.RemoveHtml.RemoveHTMLTags(String htmlStream) in E:\GitHub\HubertBiyo\Hubert.Crawler\src\Hubert.Crawler\DotNetSpider\DotNetSpider.Housing\Common\Format\RemoveHtml.cs:line 25
   at DotNetSpider.Housing.NewHouse.Fang.sjzHousingPageProcessor.Handle(Page page) in E:\GitHub\HubertBiyo\Hubert.Crawler\src\Hubert.Crawler\DotNetSpider\DotNetSpider.Housing\NewHouse.Fang\sjzHousingPageProcessor.cs:line 28
   at DotnetSpider.Core.Processor.BasePageProcessor.Process(Page page)
   at DotnetSpider.Core.Spider.HandleRequest(Stopwatch stopwatch, Request request, IDownloader downloader).
2019-03-01 22:55:59.833 +08:00 [Information] Crawl https://sjz.newhouse.fang.com/house/s/b913/ success, results 0, effectedRow 0.
2019-03-01 22:56:11.724 +08:00 [Warning] Retry request: https://sjz.newhouse.fang.com/house/s/b912/ because processor exception: System.Exception: Your input html stream is null!
   at Common.Format.RemoveHtml.RemoveHTMLTags(String htmlStream) in E:\GitHub\HubertBiyo\Hubert.Crawler\src\Hubert.Crawler\DotNetSpider\DotNetSpider.Housing\Common\Format\RemoveHtml.cs:line 25
   at DotNetSpider.Housing.NewHouse.Fang.sjzHousingPageProcessor.Handle(Page page) in E:\GitHub\HubertBiyo\Hubert.Crawler\src\Hubert.Crawler\DotNetSpider\DotNetSpider.Housing\NewHouse.Fang\sjzHousingPageProcessor.cs:line 28
   at DotnetSpider.Core.Processor.BasePageProcessor.Process(Page page)
   at DotnetSpider.Core.Spider.HandleRequest(Stopwatch stopwatch, Request request, IDownloader downloader).
2019-03-01 22:56:22.644 +08:00 [Warning] Retry request: https://sjz.newhouse.fang.com/house/s/b912/ because processor exception: System.Exception: Your input html stream is null!
   at Common.Format.RemoveHtml.RemoveHTMLTags(String htmlStream) in E:\GitHub\HubertBiyo\Hubert.Crawler\src\Hubert.Crawler\DotNetSpider\DotNetSpider.Housing\Common\Format\RemoveHtml.cs:line 25
   at DotNetSpider.Housing.NewHouse.Fang.sjzHousingPageProcessor.Handle(Page page) in E:\GitHub\HubertBiyo\Hubert.Crawler\src\Hubert.Crawler\DotNetSpider\DotNetSpider.Housing\NewHouse.Fang\sjzHousingPageProcessor.cs:line 28
   at DotnetSpider.Core.Processor.BasePageProcessor.Process(Page page)
   at DotnetSpider.Core.Spider.HandleRequest(Stopwatch stopwatch, Request request, IDownloader downloader).
2019-03-01 22:56:22.748 +08:00 [Verbose] Left 12 Success 2 Error 8 Total 22 Dowload 375 Extract 11401 Pipeline 72
2019-03-01 22:56:35.496 +08:00 [Warning] Retry request: https://sjz.newhouse.fang.com/house/s/b912/ because processor exception: System.Exception: Your input html stream is null!
   at Common.Format.RemoveHtml.RemoveHTMLTags(String htmlStream) in E:\GitHub\HubertBiyo\Hubert.Crawler\src\Hubert.Crawler\DotNetSpider\DotNetSpider.Housing\Common\Format\RemoveHtml.cs:line 25
   at DotNetSpider.Housing.NewHouse.Fang.sjzHousingPageProcessor.Handle(Page page) in E:\GitHub\HubertBiyo\Hubert.Crawler\src\Hubert.Crawler\DotNetSpider\DotNetSpider.Housing\NewHouse.Fang\sjzHousingPageProcessor.cs:line 28
   at DotnetSpider.Core.Processor.BasePageProcessor.Process(Page page)
   at DotnetSpider.Core.Spider.HandleRequest(Stopwatch stopwatch, Request request, IDownloader downloader).
2019-03-01 22:56:47.536 +08:00 [Warning] Retry request: https://sjz.newhouse.fang.com/house/s/b912/ because processor exception: System.Exception: Your input html stream is null!
   at Common.Format.RemoveHtml.RemoveHTMLTags(String htmlStream) in E:\GitHub\HubertBiyo\Hubert.Crawler\src\Hubert.Crawler\DotNetSpider\DotNetSpider.Housing\Common\Format\RemoveHtml.cs:line 25
   at DotNetSpider.Housing.NewHouse.Fang.sjzHousingPageProcessor.Handle(Page page) in E:\GitHub\HubertBiyo\Hubert.Crawler\src\Hubert.Crawler\DotNetSpider\DotNetSpider.Housing\NewHouse.Fang\sjzHousingPageProcessor.cs:line 28
   at DotnetSpider.Core.Processor.BasePageProcessor.Process(Page page)
   at DotnetSpider.Core.Spider.HandleRequest(Stopwatch stopwatch, Request request, IDownloader downloader).
2019-03-01 22:57:00.724 +08:00 [Warning] Retry request: https://sjz.newhouse.fang.com/house/s/b912/ because processor exception: System.Exception: Your input html stream is null!
   at Common.Format.RemoveHtml.RemoveHTMLTags(String htmlStream) in E:\GitHub\HubertBiyo\Hubert.Crawler\src\Hubert.Crawler\DotNetSpider\DotNetSpider.Housing\Common\Format\RemoveHtml.cs:line 25
   at DotNetSpider.Housing.NewHouse.Fang.sjzHousingPageProcessor.Handle(Page page) in E:\GitHub\HubertBiyo\Hubert.Crawler\src\Hubert.Crawler\DotNetSpider\DotNetSpider.Housing\NewHouse.Fang\sjzHousingPageProcessor.cs:line 28
   at DotnetSpider.Core.Processor.BasePageProcessor.Process(Page page)
   at DotnetSpider.Core.Spider.HandleRequest(Stopwatch stopwatch, Request request, IDownloader downloader).
2019-03-01 22:57:34.109 +08:00 [Information] Crawl https://sjz.newhouse.fang.com/house/s/b911/ success, results 0, effectedRow 0.
2019-03-01 22:57:34.832 +08:00 [Warning] Retry request: https://sjz.newhouse.fang.com/house/s/b910/ because processor exception: System.Exception: Your input html stream is null!
   at Common.Format.RemoveHtml.RemoveHTMLTags(String htmlStream) in E:\GitHub\HubertBiyo\Hubert.Crawler\src\Hubert.Crawler\DotNetSpider\DotNetSpider.Housing\Common\Format\RemoveHtml.cs:line 25
   at DotNetSpider.Housing.NewHouse.Fang.sjzHousingPageProcessor.Handle(Page page) in E:\GitHub\HubertBiyo\Hubert.Crawler\src\Hubert.Crawler\DotNetSpider\DotNetSpider.Housing\NewHouse.Fang\sjzHousingPageProcessor.cs:line 28
   at DotnetSpider.Core.Processor.BasePageProcessor.Process(Page page)
   at DotnetSpider.Core.Spider.HandleRequest(Stopwatch stopwatch, Request request, IDownloader downloader).
2019-03-01 22:57:35.263 +08:00 [Warning] Retry request: https://sjz.newhouse.fang.com/house/s/b910/ because processor exception: System.Exception: Your input html stream is null!
   at Common.Format.RemoveHtml.RemoveHTMLTags(String htmlStream) in E:\GitHub\HubertBiyo\Hubert.Crawler\src\Hubert.Crawler\DotNetSpider\DotNetSpider.Housing\Common\Format\RemoveHtml.cs:line 25
   at DotNetSpider.Housing.NewHouse.Fang.sjzHousingPageProcessor.Handle(Page page) in E:\GitHub\HubertBiyo\Hubert.Crawler\src\Hubert.Crawler\DotNetSpider\DotNetSpider.Housing\NewHouse.Fang\sjzHousingPageProcessor.cs:line 28
   at DotnetSpider.Core.Processor.BasePageProcessor.Process(Page page)
   at DotnetSpider.Core.Spider.HandleRequest(Stopwatch stopwatch, Request request, IDownloader downloader).
2019-03-01 22:57:35.808 +08:00 [Warning] Retry request: https://sjz.newhouse.fang.com/house/s/b910/ because processor exception: System.Exception: Your input html stream is null!
   at Common.Format.RemoveHtml.RemoveHTMLTags(String htmlStream) in E:\GitHub\HubertBiyo\Hubert.Crawler\src\Hubert.Crawler\DotNetSpider\DotNetSpider.Housing\Common\Format\RemoveHtml.cs:line 25
   at DotNetSpider.Housing.NewHouse.Fang.sjzHousingPageProcessor.Handle(Page page) in E:\GitHub\HubertBiyo\Hubert.Crawler\src\Hubert.Crawler\DotNetSpider\DotNetSpider.Housing\NewHouse.Fang\sjzHousingPageProcessor.cs:line 28
   at DotnetSpider.Core.Processor.BasePageProcessor.Process(Page page)
   at DotnetSpider.Core.Spider.HandleRequest(Stopwatch stopwatch, Request request, IDownloader downloader).
2019-03-01 22:57:36.286 +08:00 [Warning] Retry request: https://sjz.newhouse.fang.com/house/s/b910/ because processor exception: System.Exception: Your input html stream is null!
   at Common.Format.RemoveHtml.RemoveHTMLTags(String htmlStream) in E:\GitHub\HubertBiyo\Hubert.Crawler\src\Hubert.Crawler\DotNetSpider\DotNetSpider.Housing\Common\Format\RemoveHtml.cs:line 25
   at DotNetSpider.Housing.NewHouse.Fang.sjzHousingPageProcessor.Handle(Page page) in E:\GitHub\HubertBiyo\Hubert.Crawler\src\Hubert.Crawler\DotNetSpider\DotNetSpider.Housing\NewHouse.Fang\sjzHousingPageProcessor.cs:line 28
   at DotnetSpider.Core.Processor.BasePageProcessor.Process(Page page)
   at DotnetSpider.Core.Spider.HandleRequest(Stopwatch stopwatch, Request request, IDownloader downloader).
2019-03-01 22:57:36.789 +08:00 [Warning] Retry request: https://sjz.newhouse.fang.com/house/s/b910/ because processor exception: System.Exception: Your input html stream is null!
   at Common.Format.RemoveHtml.RemoveHTMLTags(String htmlStream) in E:\GitHub\HubertBiyo\Hubert.Crawler\src\Hubert.Crawler\DotNetSpider\DotNetSpider.Housing\Common\Format\RemoveHtml.cs:line 25
   at DotNetSpider.Housing.NewHouse.Fang.sjzHousingPageProcessor.Handle(Page page) in E:\GitHub\HubertBiyo\Hubert.Crawler\src\Hubert.Crawler\DotNetSpider\DotNetSpider.Housing\NewHouse.Fang\sjzHousingPageProcessor.cs:line 28
   at DotnetSpider.Core.Processor.BasePageProcessor.Process(Page page)
   at DotnetSpider.Core.Spider.HandleRequest(Stopwatch stopwatch, Request request, IDownloader downloader).
2019-03-01 22:57:36.892 +08:00 [Verbose] Left 10 Success 3 Error 17 Total 30 Dowload 345 Extract 13950 Pipeline 94
2019-03-01 22:57:52.882 +08:00 [Warning] Retry request: https://sjz.newhouse.fang.com/house/s/b99/ because processor exception: System.Exception: Your input html stream is null!
   at Common.Format.RemoveHtml.RemoveHTMLTags(String htmlStream) in E:\GitHub\HubertBiyo\Hubert.Crawler\src\Hubert.Crawler\DotNetSpider\DotNetSpider.Housing\Common\Format\RemoveHtml.cs:line 25
   at DotNetSpider.Housing.NewHouse.Fang.sjzHousingPageProcessor.Handle(Page page) in E:\GitHub\HubertBiyo\Hubert.Crawler\src\Hubert.Crawler\DotNetSpider\DotNetSpider.Housing\NewHouse.Fang\sjzHousingPageProcessor.cs:line 28
   at DotnetSpider.Core.Processor.BasePageProcessor.Process(Page page)
   at DotnetSpider.Core.Spider.HandleRequest(Stopwatch stopwatch, Request request, IDownloader downloader).
2019-03-01 22:58:10.317 +08:00 [Warning] Retry request: https://sjz.newhouse.fang.com/house/s/b99/ because processor exception: System.Exception: Your input html stream is null!
   at Common.Format.RemoveHtml.RemoveHTMLTags(String htmlStream) in E:\GitHub\HubertBiyo\Hubert.Crawler\src\Hubert.Crawler\DotNetSpider\DotNetSpider.Housing\Common\Format\RemoveHtml.cs:line 25
   at DotNetSpider.Housing.NewHouse.Fang.sjzHousingPageProcessor.Handle(Page page) in E:\GitHub\HubertBiyo\Hubert.Crawler\src\Hubert.Crawler\DotNetSpider\DotNetSpider.Housing\NewHouse.Fang\sjzHousingPageProcessor.cs:line 28
   at DotnetSpider.Core.Processor.BasePageProcessor.Process(Page page)
   at DotnetSpider.Core.Spider.HandleRequest(Stopwatch stopwatch, Request request, IDownloader downloader).
2019-03-01 22:58:29.508 +08:00 [Warning] Retry request: https://sjz.newhouse.fang.com/house/s/b99/ because processor exception: System.Exception: Your input html stream is null!
   at Common.Format.RemoveHtml.RemoveHTMLTags(String htmlStream) in E:\GitHub\HubertBiyo\Hubert.Crawler\src\Hubert.Crawler\DotNetSpider\DotNetSpider.Housing\Common\Format\RemoveHtml.cs:line 25
   at DotNetSpider.Housing.NewHouse.Fang.sjzHousingPageProcessor.Handle(Page page) in E:\GitHub\HubertBiyo\Hubert.Crawler\src\Hubert.Crawler\DotNetSpider\DotNetSpider.Housing\NewHouse.Fang\sjzHousingPageProcessor.cs:line 28
   at DotnetSpider.Core.Processor.BasePageProcessor.Process(Page page)
   at DotnetSpider.Core.Spider.HandleRequest(Stopwatch stopwatch, Request request, IDownloader downloader).
2019-03-01 22:58:48.705 +08:00 [Warning] Retry request: https://sjz.newhouse.fang.com/house/s/b99/ because processor exception: System.Exception: Your input html stream is null!
   at Common.Format.RemoveHtml.RemoveHTMLTags(String htmlStream) in E:\GitHub\HubertBiyo\Hubert.Crawler\src\Hubert.Crawler\DotNetSpider\DotNetSpider.Housing\Common\Format\RemoveHtml.cs:line 25
   at DotNetSpider.Housing.NewHouse.Fang.sjzHousingPageProcessor.Handle(Page page) in E:\GitHub\HubertBiyo\Hubert.Crawler\src\Hubert.Crawler\DotNetSpider\DotNetSpider.Housing\NewHouse.Fang\sjzHousingPageProcessor.cs:line 28
   at DotnetSpider.Core.Processor.BasePageProcessor.Process(Page page)
   at DotnetSpider.Core.Spider.HandleRequest(Stopwatch stopwatch, Request request, IDownloader downloader).
2019-03-01 22:59:07.135 +08:00 [Warning] Retry request: https://sjz.newhouse.fang.com/house/s/b99/ because processor exception: System.Exception: Your input html stream is null!
   at Common.Format.RemoveHtml.RemoveHTMLTags(String htmlStream) in E:\GitHub\HubertBiyo\Hubert.Crawler\src\Hubert.Crawler\DotNetSpider\DotNetSpider.Housing\Common\Format\RemoveHtml.cs:line 25
   at DotNetSpider.Housing.NewHouse.Fang.sjzHousingPageProcessor.Handle(Page page) in E:\GitHub\HubertBiyo\Hubert.Crawler\src\Hubert.Crawler\DotNetSpider\DotNetSpider.Housing\NewHouse.Fang\sjzHousingPageProcessor.cs:line 28
   at DotnetSpider.Core.Processor.BasePageProcessor.Process(Page page)
   at DotnetSpider.Core.Spider.HandleRequest(Stopwatch stopwatch, Request request, IDownloader downloader).
2019-03-01 22:59:47.001 +08:00 [Information] Crawl https://sjz.newhouse.fang.com/house/s/b98/ success, results 0, effectedRow 0.
2019-03-01 23:00:08.017 +08:00 [Information] Crawl https://sjz.newhouse.fang.com/house/s/b97/ success, results 0, effectedRow 0.
2019-03-01 23:00:31.112 +08:00 [Information] Crawl https://sjz.newhouse.fang.com/house/s/b96/ success, results 0, effectedRow 0.
2019-03-01 23:00:31.213 +08:00 [Verbose] Left 5 Success 6 Error 24 Total 35 Dowload 466 Extract 17167 Pipeline 112
2019-03-01 23:00:52.203 +08:00 [Information] Crawl https://sjz.newhouse.fang.com/house/s/b95/ success, results 0, effectedRow 0.
2019-03-01 23:01:13.328 +08:00 [Information] Crawl https://sjz.newhouse.fang.com/house/s/b94/ success, results 0, effectedRow 0.
2019-03-01 23:01:35.676 +08:00 [Information] Crawl https://sjz.newhouse.fang.com/house/s/b93/ success, results 0, effectedRow 0.
2019-03-01 23:01:57.605 +08:00 [Information] Crawl https://sjz.newhouse.fang.com/house/s/b92/ success, results 0, effectedRow 0.
2019-03-01 23:01:58.543 +08:00 [Warning] Retry request: https://sjz.newhouse.fang.com/house/s/b91/ because processor exception: System.Exception: Your input html stream is null!
   at Common.Format.RemoveHtml.RemoveHTMLTags(String htmlStream) in E:\GitHub\HubertBiyo\Hubert.Crawler\src\Hubert.Crawler\DotNetSpider\DotNetSpider.Housing\Common\Format\RemoveHtml.cs:line 25
   at DotNetSpider.Housing.NewHouse.Fang.sjzHousingPageProcessor.Handle(Page page) in E:\GitHub\HubertBiyo\Hubert.Crawler\src\Hubert.Crawler\DotNetSpider\DotNetSpider.Housing\NewHouse.Fang\sjzHousingPageProcessor.cs:line 28
   at DotnetSpider.Core.Processor.BasePageProcessor.Process(Page page)
   at DotnetSpider.Core.Spider.HandleRequest(Stopwatch stopwatch, Request request, IDownloader downloader).
2019-03-01 23:01:59.438 +08:00 [Warning] Retry request: https://sjz.newhouse.fang.com/house/s/b91/ because processor exception: System.Exception: Your input html stream is null!
   at Common.Format.RemoveHtml.RemoveHTMLTags(String htmlStream) in E:\GitHub\HubertBiyo\Hubert.Crawler\src\Hubert.Crawler\DotNetSpider\DotNetSpider.Housing\Common\Format\RemoveHtml.cs:line 25
   at DotNetSpider.Housing.NewHouse.Fang.sjzHousingPageProcessor.Handle(Page page) in E:\GitHub\HubertBiyo\Hubert.Crawler\src\Hubert.Crawler\DotNetSpider\DotNetSpider.Housing\NewHouse.Fang\sjzHousingPageProcessor.cs:line 28
   at DotnetSpider.Core.Processor.BasePageProcessor.Process(Page page)
   at DotnetSpider.Core.Spider.HandleRequest(Stopwatch stopwatch, Request request, IDownloader downloader).
2019-03-01 23:02:00.123 +08:00 [Warning] Retry request: https://sjz.newhouse.fang.com/house/s/b91/ because processor exception: System.Exception: Your input html stream is null!
   at Common.Format.RemoveHtml.RemoveHTMLTags(String htmlStream) in E:\GitHub\HubertBiyo\Hubert.Crawler\src\Hubert.Crawler\DotNetSpider\DotNetSpider.Housing\Common\Format\RemoveHtml.cs:line 25
   at DotNetSpider.Housing.NewHouse.Fang.sjzHousingPageProcessor.Handle(Page page) in E:\GitHub\HubertBiyo\Hubert.Crawler\src\Hubert.Crawler\DotNetSpider\DotNetSpider.Housing\NewHouse.Fang\sjzHousingPageProcessor.cs:line 28
   at DotnetSpider.Core.Processor.BasePageProcessor.Process(Page page)
   at DotnetSpider.Core.Spider.HandleRequest(Stopwatch stopwatch, Request request, IDownloader downloader).
2019-03-01 23:02:00.663 +08:00 [Warning] Retry request: https://sjz.newhouse.fang.com/house/s/b91/ because processor exception: System.Exception: Your input html stream is null!
   at Common.Format.RemoveHtml.RemoveHTMLTags(String htmlStream) in E:\GitHub\HubertBiyo\Hubert.Crawler\src\Hubert.Crawler\DotNetSpider\DotNetSpider.Housing\Common\Format\RemoveHtml.cs:line 25
   at DotNetSpider.Housing.NewHouse.Fang.sjzHousingPageProcessor.Handle(Page page) in E:\GitHub\HubertBiyo\Hubert.Crawler\src\Hubert.Crawler\DotNetSpider\DotNetSpider.Housing\NewHouse.Fang\sjzHousingPageProcessor.cs:line 28
   at DotnetSpider.Core.Processor.BasePageProcessor.Process(Page page)
   at DotnetSpider.Core.Spider.HandleRequest(Stopwatch stopwatch, Request request, IDownloader downloader).
2019-03-01 23:02:01.246 +08:00 [Warning] Retry request: https://sjz.newhouse.fang.com/house/s/b91/ because processor exception: System.Exception: Your input html stream is null!
   at Common.Format.RemoveHtml.RemoveHTMLTags(String htmlStream) in E:\GitHub\HubertBiyo\Hubert.Crawler\src\Hubert.Crawler\DotNetSpider\DotNetSpider.Housing\Common\Format\RemoveHtml.cs:line 25
   at DotNetSpider.Housing.NewHouse.Fang.sjzHousingPageProcessor.Handle(Page page) in E:\GitHub\HubertBiyo\Hubert.Crawler\src\Hubert.Crawler\DotNetSpider\DotNetSpider.Housing\NewHouse.Fang\sjzHousingPageProcessor.cs:line 28
   at DotnetSpider.Core.Processor.BasePageProcessor.Process(Page page)
   at DotnetSpider.Core.Spider.HandleRequest(Stopwatch stopwatch, Request request, IDownloader downloader).
2019-03-01 23:02:01.935 +08:00 [Verbose] Left 0 Success 10 Error 30 Total 40 Dowload 479 Extract 18616 Pipeline 120
2019-03-01 23:02:17.541 +08:00 [Verbose] Left 0 Success 10 Error 30 Total 40 Dowload 479 Extract 18616 Pipeline 120
2019-03-01 23:02:17.546 +08:00 [Information] Consume: 479.9607153 seconds
